XA xa.lp OUTPUT solution.out PAGESIZE 20 LINESIZE 100 TMARGINS 0 BMARGINS 0 FIELDSIZE 11 DECIMALS 5 
EUROPEAN NO LMARGINS 0 COPIES 1 WAIT NO MUTE NO LISTINPUT YES WARNING YES SOLUTION YES CONSTRAINTS Y
ES COSTANALYSIS YES MARGINANALYSIS YES MATLIST NO DEFAULTS NO
..TITLE
  Power-LP
..OBJECTIVE MAXIMIZE
  + 4 x1 - 3 x2 + 2 x3
..BOUNDS
  x1 >= 0
  x2 >= 0
  x3 >= 0
..CONSTRAINTS
  + 3 x1 - 3 x2 + 1 x3 <=8
  + 2 x1 + 4 x2 + 2 x3 <=10
 
STATISTICS - FILE: Xa        TITLE: Power-LP                   1/27/16 12:29:54
  XA VERSION 2.00   USABLE MEMORY  518K BYTES
  VARIABLES  3  MAXIMUM  500
       0 LOWER,  0 FIXED,  0 UPPER,  0 FREE,  0 INTEGER.
  CONSTRAINTS  2  MAXIMUM  100
       0 GE,  0 EQ,  2 LE,  0 NULL/FREE,  0 RANGED.
  CAPACITY USED BY CATEGORY-
     0.6% VARIABLE,  2.0% CONSTRAINT,  0.1% NON-ZERO.
  OBJECTIVE FUNCTION IS MAXIMIZED.
 
 
 
O P T I M A L   S O L U T I O N ---> OBJECTIVE    13.00000
ELAPSED TIME 00:00:00  ITERATIONS     0  MEMORY USED  0.0%
 
 









File: Xa                                                1/27/16 12:29:54 Page 1
SOLUTION (Maximized):    13.00000  Power-LP
-------------------------------------------------------------------------------
| Variable |  Activity   |    Cost     | Variable |  Activity   |    Cost     |
-------------------------------------------------------------------------------
I       x1       1.50000       4.00000 |       x2       0.00000      -3.00000 |
|           REDUCED COST       0.00000 |           REDUCED COST       2.00000 |
-------------------------------------------------------------------------------
I       x3       3.50000       2.00000 |
|           REDUCED COST       0.00000 |
----------------------------------------









File: Xa                                            1/27/16 12:29:54 Page 2
CONSTRAINTS: Power-LP
---------------------------------------------------------------------------
|Constraint|  Activity  |    RHS     |Constraint|  Activity  |    RHS     |
---------------------------------------------------------------------------
| ROW    1      8.00000 <    8.00000 | ROW    2     10.00000 <   10.00000 |
|            DUAL VALUE      1.00000 |            DUAL VALUE      0.50000 |
---------------------------------------------------------------------------
 Cumulative Variable Error:        0.000000000
 Cumulative Constraint Error:      0.000000000










File: Xa                                        1/27/16 12:29:54 Page 3
COST ANALYSIS: Power-LP
-----------------------------------------------------------------------
|          |  Stable    | Variable |          |  Stable    | Variable |
| Variable |   Cost     |    to    | Variable |   Cost     |    to    |
|          |  Range     |  Change  |          |  Range     |  Change  |
-----------------------------------------------------------------------
|    Upper      4.80000   x2       |    Upper     -1.00000   <------  |
|       x1      4.00000            |       x2     -3.00000            |
|    Lower      2.00000   ROW    1 |    Lower    UNBOUNDED            |
|  Reduced Cost            0.00000 |  Reduced Cost            2.00000 |
-----------------------------------------------------------------------
|    Upper      4.00000   ROW    1 |
|       x3      2.00000            |
|    Lower      1.55556   x2       |
|  Reduced Cost            0.00000 |
------------------------------------



File: Xa                                                                     1/27/16 12:29:54 Page 4
MARGINAL ANALYSIS: Power-LP
----------------------------------------------------------------------------------------------------
|   Constraint     |   Value     |   Constraint     |   Value     |
|    at limit      |             |    at limit      |             |
----------------------------------------------------------------------------------------------------
|         ROW    1 <     8.00000 |         ROW    2 <    10.00000 |
|  Increases objective ...       |  Increases objective ...       |
|               by       1.00000 |               by       0.50000 |
|                                |                                |
|  Upper Limit.                  |  Upper Limit.                  |
|    New limit ..       15.00000 |    New limit ..       16.00000 |
|    New optimum ...    20.00000 |    New optimum ...    16.00000 |
|    Forced to limit          x3 |    Forced to limit          x1 |
|                                |                                |
|  Lower Limit.                  |  Lower Limit.                  |
|    New limit ..        5.00000 |    New limit ..        5.33333 |
|    New optimum ...    10.00000 |    New optimum ...    10.66667 |
|    Forced to limit          x1 |    Forced to limit          x3 |
-------------------------------------------------------------------
 
timum ...    16.00000 |
|    Forced to limit          x3 |    Forced to limit          x1 |
|                                |                                |
|  Lower Limit.              