
An unexpected exception has been detected in native code outside the VM.
Unexpected Signal : EXCEPTION_ACCESS_VIOLATION occurred at PC=0x6d1c2349
Function name=(N/A)
Library=C:\Programme\JBuilder6\jdk1.3.1\bin\dt_shmem.dll

NOTE: We are unable to locate the function name symbol for the error
      just occurred. Please refer to release documentation for possible
      reason and solutions.



Current Java thread:
	at com.sun.tools.jdi.SharedMemoryConnection.receivePacket0(Native Method)
	at com.sun.tools.jdi.SharedMemoryConnection.receivePacket(SharedMemoryConnection.java:61)
	at com.sun.tools.jdi.TargetVM.run(TargetVM.java:97)
	at java.lang.Thread.run(Thread.java:484)

Dynamic libraries:
0x00400000 - 0x00405000 	C:\Programme\JBuilder6\jdk1.3.1\bin\java.exe
0x77F40000 - 0x77FF0000 	C:\WINDOWS\System32\ntdll.dll
0x77E40000 - 0x77F37000 	C:\WINDOWS\system32\kernel32.dll
0x77DA0000 - 0x77E3A000 	C:\WINDOWS\system32\ADVAPI32.dll
0x77C90000 - 0x77D05000 	C:\WINDOWS\system32\RPCRT4.dll
0x77BE0000 - 0x77C33000 	C:\WINDOWS\system32\MSVCRT.dll
0x6D420000 - 0x6D4EF000 	C:\Programme\JBuilder6\jdk1.3.1\jre\bin\hotspot\jvm.dll
0x77D10000 - 0x77D9D000 	C:\WINDOWS\system32\USER32.dll
0x77C40000 - 0x77C80000 	C:\WINDOWS\system32\GDI32.dll
0x76AF0000 - 0x76B1D000 	C:\WINDOWS\System32\WINMM.dll
0x5D100000 - 0x5D107000 	C:\WINDOWS\System32\serwvdrv.dll
0x5B420000 - 0x5B427000 	C:\WINDOWS\System32\umdmxfrm.dll
0x6D220000 - 0x6D227000 	C:\Programme\JBuilder6\jdk1.3.1\jre\bin\hpi.dll
0x6D3B0000 - 0x6D3BD000 	C:\Programme\JBuilder6\jdk1.3.1\jre\bin\verify.dll
0x6D250000 - 0x6D266000 	C:\Programme\JBuilder6\jdk1.3.1\jre\bin\java.dll
0x6D3C0000 - 0x6D3CD000 	C:\Programme\JBuilder6\jdk1.3.1\jre\bin\zip.dll
0x6D020000 - 0x6D128000 	C:\Programme\JBuilder6\jdk1.3.1\jre\bin\awt.dll
0x72F70000 - 0x72F93000 	C:\WINDOWS\System32\WINSPOOL.DRV
0x76330000 - 0x7634A000 	C:\WINDOWS\System32\IMM32.dll
0x77180000 - 0x7729A000 	C:\WINDOWS\system32\ole32.dll
0x5B0F0000 - 0x5B124000 	C:\WINDOWS\system32\uxtheme.dll
0x6D1E0000 - 0x6D21B000 	C:\Programme\JBuilder6\jdk1.3.1\jre\bin\fontmanager.dll
0x736D0000 - 0x73715000 	C:\WINDOWS\System32\DDRAW.dll
0x73B30000 - 0x73B36000 	C:\WINDOWS\System32\DCIMAN32.dll
0x69500000 - 0x695E2000 	C:\WINDOWS\System32\nbicdnt.dll
0x746A0000 - 0x746EB000 	C:\WINDOWS\System32\MSCTF.dll
0x10000000 - 0x10010000 	C:\PROGRA~1\Logitech\iTouch\itchhk.dll
0x6D340000 - 0x6D348000 	C:\Programme\JBuilder6\jdk1.3.1\jre\bin\net.dll
0x71A30000 - 0x71A39000 	C:\WINDOWS\System32\WSOCK32.dll
0x71A10000 - 0x71A25000 	C:\WINDOWS\System32\WS2_32.dll
0x71A00000 - 0x71A08000 	C:\WINDOWS\System32\WS2HELP.dll
0x719B0000 - 0x719EC000 	C:\WINDOWS\System32\mswsock.dll
0x76EE0000 - 0x76F05000 	C:\WINDOWS\System32\DNSAPI.dll
0x76D20000 - 0x76D35000 	C:\WINDOWS\System32\iphlpapi.dll
0x76DA0000 - 0x76DC6000 	C:\WINDOWS\System32\netman.dll
0x76D00000 - 0x76D16000 	C:\WINDOWS\System32\MPRAPI.dll
0x76E00000 - 0x76E2F000 	C:\WINDOWS\System32\ACTIVEDS.dll
0x76DD0000 - 0x76DF4000 	C:\WINDOWS\System32\adsldpc.dll
0x71BA0000 - 0x71BEF000 	C:\WINDOWS\System32\NETAPI32.dll
0x76F20000 - 0x76F4D000 	C:\WINDOWS\system32\WLDAP32.dll
0x76AD0000 - 0x76AE5000 	C:\WINDOWS\System32\ATL.DLL
0x770F0000 - 0x7717B000 	C:\WINDOWS\system32\OLEAUT32.dll
0x76E40000 - 0x76E4D000 	C:\WINDOWS\System32\rtutils.dll
0x71B70000 - 0x71B81000 	C:\WINDOWS\System32\SAMLIB.dll
0x76620000 - 0x76705000 	C:\WINDOWS\System32\SETUPAPI.dll
0x76EA0000 - 0x76ED7000 	C:\WINDOWS\System32\RASAPI32.dll
0x76E50000 - 0x76E61000 	C:\WINDOWS\System32\rasman.dll
0x76E70000 - 0x76E9A000 	C:\WINDOWS\System32\TAPI32.dll
0x772A0000 - 0x77303000 	C:\WINDOWS\system32\SHLWAPI.dll
0x773A0000 - 0x77B9E000 	C:\WINDOWS\system32\SHELL32.dll
0x76F50000 - 0x76F60000 	C:\WINDOWS\System32\Secur32.dll
0x76D60000 - 0x76D90000 	C:\WINDOWS\System32\WZCSvc.DLL
0x76CF0000 - 0x76CF4000 	C:\WINDOWS\System32\WMI.dll
0x76D40000 - 0x76D5A000 	C:\WINDOWS\System32\DHCPCSVC.DLL
0x76260000 - 0x762EB000 	C:\WINDOWS\system32\CRYPT32.dll
0x76240000 - 0x7624F000 	C:\WINDOWS\system32\MSASN1.dll
0x76F10000 - 0x76F18000 	C:\WINDOWS\System32\WTSAPI32.dll
0x76300000 - 0x7630F000 	C:\WINDOWS\System32\WINSTA.dll
0x13510000 - 0x135F4000 	C:\WINDOWS\WinSxS\x86_Microsoft.Windows.Common-Controls_6595b64144ccf1df_6.0.0.0_x-ww_1382d70a\comctl32.dll
0x77310000 - 0x7739B000 	C:\WINDOWS\system32\comctl32.dll
0x76F70000 - 0x76F77000 	C:\WINDOWS\System32\winrnr.dll
0x719F0000 - 0x719F8000 	C:\WINDOWS\System32\wshtcpip.dll
0x6D1C0000 - 0x6D1C6000 	C:\Programme\JBuilder6\jdk1.3.1\bin\dt_shmem.dll
0x76F80000 - 0x76F85000 	C:\WINDOWS\System32\rasadhlp.dll
0x6D320000 - 0x6D340000 	C:\Programme\JBuilder6\jdk1.3.1\jre\bin\jsound.dll
0x72C90000 - 0x72C99000 	C:\WINDOWS\System32\wdmaud.drv
0x72C80000 - 0x72C88000 	C:\WINDOWS\System32\msacm32.drv
0x77BB0000 - 0x77BC4000 	C:\WINDOWS\System32\MSACM32.dll
0x77BA0000 - 0x77BA7000 	C:\WINDOWS\System32\midimap.dll
0x76C50000 - 0x76C72000 	C:\WINDOWS\system32\imagehlp.dll
0x6DA00000 - 0x6DA7C000 	C:\WINDOWS\system32\DBGHELP.dll
0x77BD0000 - 0x77BD7000 	C:\WINDOWS\system32\VERSION.dll
0x76BB0000 - 0x76BBB000 	C:\WINDOWS\System32\PSAPI.DLL

Local Time = Sun Jan 05 16:05:57 2003
Elapsed Time = 2600
#
# The exception above was detected in native code outside the VM
#
# Java VM: Java HotSpot(TM) Client VM (1.3.1-b24 mixed mode)
#
