  AssemblyInfo.cpp
AssemblyInfo.cpp(40): warning C4947: 'System::Security::Permissions::SecurityAction::RequestMinimum': marked as obsolete
  AssemblyInfo.cpp(40): note: Message: 'Assembly level declarative security is obsolete and is no longer enforced by the CLR by default. See http://go.microsoft.com/fwlink/?LinkID=155570 for more information.'
  BnCCallback.cpp
  BranchTree.cpp
  GlpkSharp.cpp
GlpkSharp.cpp(650): warning C4996: '_strlwr': This function or variable may be unsafe. Consider using _strlwr_s instead. To disable deprecation, use _CRT_SECURE_NO_WARNINGS. See online help for details.
  C:\Program Files (x86)\Windows Kits\10\Include\10.0.10240.0\ucrt\string.h(233): note: see declaration of '_strlwr'
GlpkSharp.cpp(652): warning C4996: '_open': This function or variable may be unsafe. Consider using _sopen_s instead. To disable deprecation, use _CRT_SECURE_NO_WARNINGS. See online help for details.
  C:\Program Files (x86)\Windows Kits\10\Include\10.0.10240.0\ucrt\corecrt_io.h(388): note: see declaration of '_open'
GlpkSharp.cpp(761): warning C4244: '=': conversion from 'double' to 'float', possible loss of data
GlpkSharp.cpp(763): warning C4244: '=': conversion from 'double' to 'float', possible loss of data
GlpkSharp.cpp(764): warning C4244: '=': conversion from 'double' to 'float', possible loss of data
GlpkSharp.cpp(779): warning C4244: '=': conversion from 'double' to 'float', possible loss of data
GlpkSharp.cpp(796): warning C4244: '=': conversion from 'double' to 'float', possible loss of data
GlpkSharp.cpp(799): warning C4244: '=': conversion from 'double' to 'float', possible loss of data
GlpkSharp.cpp(802): warning C4244: '=': conversion from 'double' to 'float', possible loss of data
GlpkSharp.cpp(749): warning C4996: '_open': This function or variable may be unsafe. Consider using _sopen_s instead. To disable deprecation, use _CRT_SECURE_NO_WARNINGS. See online help for details.
  C:\Program Files (x86)\Windows Kits\10\Include\10.0.10240.0\ucrt\corecrt_io.h(388): note: see declaration of '_open'
  MPTranslator.cpp
  Generating Code...
  .NETFramework,Version=v4.0.AssemblyAttributes.cpp
glpk.lib(glpmpl06.obj) : error LNK2001: unresolved external symbol _sprintf
glpk.lib(glpmpl05.obj) : error LNK2001: unresolved external symbol _sprintf
glpk.lib(glpsql.obj) : error LNK2001: unresolved external symbol _sprintf
glpk.lib(glplib01.obj) : error LNK2001: unresolved external symbol _sprintf
glpk.lib(glplib12.obj) : error LNK2001: unresolved external symbol _sprintf
glpk.lib(glpapi18.obj) : error LNK2001: unresolved external symbol _sprintf
glpk.lib(glpmpl03.obj) : error LNK2001: unresolved external symbol _sprintf
glpk.lib(glpapi09.obj) : error LNK2001: unresolved external symbol _sprintf
glpk.lib(glpmps.obj) : error LNK2001: unresolved external symbol _sprintf
glpk.lib(glpcpx.obj) : error LNK2001: unresolved external symbol _sprintf
glpk.lib(glpios03.obj) : error LNK2001: unresolved external symbol _sprintf
glpk.lib(glplpx03.obj) : error LNK2019: unresolved external symbol _fprintf referenced in function __glp_lpx_print_sens_bnds
glpk.lib(glplib01.obj) : error LNK2001: unresolved external symbol _fprintf
glpk.lib(glplpx04.obj) : error LNK2001: unresolved external symbol _fprintf
glpk.lib(glpmpl06.obj) : error LNK2001: unresolved external symbol _fprintf
glpk.lib(glpmpl04.obj) : error LNK2019: unresolved external symbol ___iob_func referenced in function __glp_mpl_alloc_content
glpk.lib(glplib03.obj) : error LNK2001: unresolved external symbol ___iob_func
glpk.lib(glplib04.obj) : error LNK2001: unresolved external symbol ___iob_func
glpk.lib(glplib01.obj) : error LNK2001: unresolved external symbol ___iob_func
glpk.lib(glpgmp.obj) : error LNK2001: unresolved external symbol ___iob_func
glpk.lib(glplib09.obj) : error LNK2019: unresolved external symbol _vsprintf referenced in function __glp_lib_doprnt
glpk.lib(glpmpl04.obj) : error LNK2001: unresolved external symbol _vsprintf
glpk.lib(glpmpl03.obj) : error LNK2001: unresolved external symbol _vsprintf
C:\Methodenbank\Solver\Glpk Gui 1.0\03 Source Code\GlpkGui-Src\Debug\GlpkSharp.dll : fatal error LNK1120: 4 unresolved externals
