
---------- INH
D:\APPS1A\OR\LPSENS.BIN
D:\APPS1A\OR\LPSENS.TXT
D:\APPS1A\OR\LPSPIEL.BIN
D:\APPS1A\OR\LPSPIEL.TXT
D:\APPS1A\OR\LPSIMP.BIN
D:\APPS1A\OR\LPSIMP.TXT
D:\APPS1A\OR\TUTORP\LPSTART.EXE
D:\APPS1A\OR\TUTOR\LPSENS.BIN
D:\APPS1A\OR\TUTOR\LPSENS.TXT
D:\APPS1A\OR\TUTOR\LPSPIEL.BIN
D:\APPS1A\OR\TUTOR\LPSPIEL.TXT
D:\APPS1A\OR\TUTOR\LPSIMP.BIN
D:\APPS1A\OR\TUTOR\LPSIMP.TXT
D:\APPS1A\OR\ABLAUF\ALLOY.LPS
C:\OR\TUTORIAL\LPSENS.BIN
C:\OR\TUTORIAL\LPSENS.TXT
C:\OR\TUTORIAL\LPSPIEL.BIN
C:\OR\TUTORIAL\LPSPIEL.TXT
C:\OR\TUTORIAL\LPSIMP.BIN
C:\OR\TUTORIAL\LPSIMP.TXT
